<?xml version="1.0" encoding="UTF-8"?>
<testsuite xmlns:xsi="http://www.w3.org/2001/XMLSchema-instance" xsi:noNamespaceSchemaLocation="https://maven.apache.org/surefire/maven-surefire-plugin/xsd/surefire-test-report-3.0.xsd" version="3.0" name="TestSuite" time="354.163" tests="54" errors="0" skipped="0" failures="1">
  <properties>
[...]
</properties>
  <testcase name="clickApplicationListAndVerifyUrl" classname="tests.ApplicationTest" time="3.244">
    <system-err><![CDATA[SLF4J: Failed to load class "org.slf4j.impl.StaticLoggerBinder".
SLF4J: Defaulting to no-operation (NOP) logger implementation
SLF4J: See http://www.slf4j.org/codes.html#StaticLoggerBinder for further details.
Starting ChromeDriver 92.0.4515.107 (87a818b10553a07434ea9e2b6dccf3cbe7895134-refs/branch-heads/4515@{#1634}) on port 35516
Only local connections are allowed.
Please see https://chromedriver.chromium.org/security-considerations for suggestions on keeping ChromeDriver safe.
ChromeDriver was started successfully.
Aug 10, 2021 6:28:14 PM org.openqa.selenium.remote.ProtocolHandshake createSession
INFO: Detected dialect: W3C
]]></system-err>
  </testcase>
  <testcase name="clickMortgageAppAndVerifyUrl" classname="tests.ApplicationTest" time="3.138"/>
  <testcase name="logOutTest" classname="tests.ApplicationTest" time="2.151"/>
  <testcase name="verifyLoanApplicationPageTitle" classname="tests.ApplicationTest" time="1.473"/>
  <testcase name="creditReportPositiveTest" classname="tests.MortgageApplicationTests" time="11.045"/>
  <testcase name="eConsentPageTest" classname="tests.MortgageApplicationTests" time="9.791"/>
  <testcase name="eConsentPositiveTest" classname="tests.MortgageApplicationTests" time="15.647">
    <failure message="element not interactable&#10;  (Session info: chrome=92.0.4515.131)&#10;Build info: version: &apos;3.141.59&apos;, revision: &apos;e82be7d358&apos;, time: &apos;2018-11-14T08:17:03&apos;&#10;System info: host: &apos;Rafaels-MacBook-Pro.local&apos;, ip: &apos;fe80:0:0:0:c72:5eef:b723:f97f%en0&apos;, os.name: &apos;Mac OS X&apos;, os.arch: &apos;x86_64&apos;, os.version: &apos;10.16&apos;, java.version: &apos;1.8.0_281&apos;&#10;Driver info: org.openqa.selenium.chrome.ChromeDriver&#10;Capabilities {acceptInsecureCerts: false, browserName: chrome, browserVersion: 92.0.4515.131, chrome: {chromedriverVersion: 92.0.4515.107 (87a818b10553..., userDataDir: /var/folders/vb/mz_37vxn07g...}, goog:chromeOptions: {debuggerAddress: localhost:59055}, javascriptEnabled: true, networkConnectionEnabled: false, pageLoadStrategy: normal, platform: MAC, platformName: MAC, proxy: Proxy(), setWindowRect: true, strictFileInteractability: false, timeouts: {implicit: 0, pageLoad: 300000, script: 30000}, unhandledPromptBehavior: dismiss and notify, webauthn:extension:credBlob: true, webauthn:extension:largeBlob: true, webauthn:virtualAuthenticators: true}&#10;Session ID: 3f9ad4e5b0f651c010c8b6b906323449" type="org.openqa.selenium.ElementNotInteractableException"><![CDATA[org.openqa.selenium.ElementNotInteractableException: 
element not interactable
  (Session info: chrome=92.0.4515.131)
Build info: version: '3.141.59', revision: 'e82be7d358', time: '2018-11-14T08:17:03'
System info: host: 'Rafaels-MacBook-Pro.local', ip: 'fe80:0:0:0:c72:5eef:b723:f97f%en0', os.name: 'Mac OS X', os.arch: 'x86_64', os.version: '10.16', java.version: '1.8.0_281'
Driver info: org.openqa.selenium.chrome.ChromeDriver
Capabilities {acceptInsecureCerts: false, browserName: chrome, browserVersion: 92.0.4515.131, chrome: {chromedriverVersion: 92.0.4515.107 (87a818b10553..., userDataDir: /var/folders/vb/mz_37vxn07g...}, goog:chromeOptions: {debuggerAddress: localhost:59055}, javascriptEnabled: true, networkConnectionEnabled: false, pageLoadStrategy: normal, platform: MAC, platformName: MAC, proxy: Proxy(), setWindowRect: true, strictFileInteractability: false, timeouts: {implicit: 0, pageLoad: 300000, script: 30000}, unhandledPromptBehavior: dismiss and notify, webauthn:extension:credBlob: true, webauthn:extension:largeBlob: true, webauthn:virtualAuthenticators: true}
Session ID: 3f9ad4e5b0f651c010c8b6b906323449
	at tests.MortgageApplicationTests.eConsentPositiveTest(MortgageApplicationTests.java:526)
]]></failure>
  </testcase>
  <testcase name="eConsentPositiveTestWithWrongEmailFormat" classname="tests.MortgageApplicationTests" time="13.066"/>
  <testcase name="eConsentPositiveTestWithWrongFirstName" classname="tests.MortgageApplicationTests" time="12.173"/>
  <testcase name="eConsentPositiveTestWithWrongLastName" classname="tests.MortgageApplicationTests" time="17.057"/>
  <testcase name="employmentAndIncomePositiveTest" classname="tests.MortgageApplicationTests" time="13.06"/>
  <testcase name="employmentAndIncomeTestCheckingMonthlyIncomeCalculation" classname="tests.MortgageApplicationTests" time="12.853"/>
  <testcase name="employmentAndIncomeTestWithNegativeMonthlyBonuses" classname="tests.MortgageApplicationTests" time="20.58"/>
  <testcase name="employmentAndIncomeTestWithNegativeMonthlyCommissions" classname="tests.MortgageApplicationTests" time="14.54"/>
  <testcase name="employmentAndIncomeTestWithNegativeMonthlyDividends" classname="tests.MortgageApplicationTests" time="15.14"/>
  <testcase name="employmentAndIncomeTestWithNegativeMonthlyIncome" classname="tests.MortgageApplicationTests" time="13.994"/>
  <testcase name="employmentAndIncomeTestWithNegativeMonthlyOvertime" classname="tests.MortgageApplicationTests" time="10.815"/>
  <testcase name="employmentAndIncomeTestWithNoEmployerName" classname="tests.MortgageApplicationTests" time="12.685"/>
  <testcase name="expensesPageTestCheckingErrorText" classname="tests.MortgageApplicationTests" time="8.465"/>
  <testcase name="expensesPositiveTest" classname="tests.MortgageApplicationTests" time="8.245"/>
  <testcase name="mortgageApplicationHealthCheck" classname="tests.MortgageApplicationTests" time="2.298"/>
  <testcase name="personalInformationNegativeTestWithEmptyName" classname="tests.MortgageApplicationTests" time="7.041"/>
  <testcase name="personalInformationNegativeTestWithWrongDateOfBirth" classname="tests.MortgageApplicationTests" time="7.324"/>
  <testcase name="personalInformationNegativeTestWithWrongSSN" classname="tests.MortgageApplicationTests" time="9.162"/>
  <testcase name="personalInformationPageTest" classname="tests.MortgageApplicationTests" time="5.107"/>
  <testcase name="personalInformationPositiveTest" classname="tests.MortgageApplicationTests" time="6.209"/>
  <testcase name="personalInformationTestAndClickPrivacyPolicyLink" classname="tests.MortgageApplicationTests" time="3.246"/>
  <testcase name="personalInformationTestForASingleCustomer" classname="tests.MortgageApplicationTests" time="3.912"/>
  <testcase name="personalInformationTestNoClickingPrivatePolicy" classname="tests.MortgageApplicationTests" time="3.561"/>
  <testcase name="personalInformationTestWithWrongCellNumber" classname="tests.MortgageApplicationTests" time="3.412"/>
  <testcase name="personalInformationTestWithWrongEmailFormat" classname="tests.MortgageApplicationTests" time="3.699"/>
  <testcase name="preapprovalDetailsNegativeTestWithWrongRealtorInfo" classname="tests.MortgageApplicationTests" time="2.522"/>
  <testcase name="preapprovalDetailsPageTest" classname="tests.MortgageApplicationTests" time="1.517"/>
  <testcase name="preapprovalDetailsPositiveTest" classname="tests.MortgageApplicationTests" time="2.792"/>
  <testcase name="preapprovalDetailsTestCheckingCalculatedLoanAmount" classname="tests.MortgageApplicationTests" time="2.326"/>
  <testcase name="summaryPageTest" classname="tests.MortgageApplicationTests" time="8.238"/>
  <testcase name="appHealthCheck" classname="tests.LoginTests" time="0.007"/>
  <testcase name="loginAndVerifyUrl" classname="tests.LoginTests" time="0.683"/>
  <testcase name="negativeLoginWithRandomCharactersInsteadOfEmail" classname="tests.LoginTests" time="0.695"/>
  <testcase name="negativeLoginWithRandomEmailAndPass" classname="tests.LoginTests" time="0.37"/>
  <testcase name="positiveLogin" classname="tests.LoginTests" time="0.947"/>
  <testcase name="loginAndVerifyUsername" classname="tests.LoginTests" time="0.777"/>
  <testcase name="appPageHealthCheck" classname="tests.ApplicationListTest" time="1.374"/>
  <testcase name="homeButtonCheck" classname="tests.ApplicationListTest" time="1.321"/>
  <testcase name="loanButtonCheck" classname="tests.ApplicationListTest" time="1.379"/>
  <testcase name="SignUpWithExistingUser" classname="tests.SignUpTests" time="0.612"/>
  <testcase name="SignUpWithUnsafePassword" classname="tests.SignUpTests" time="3.809"/>
  <testcase name="SignUpWithUnusualNameAndWrongEmailFormat" classname="tests.SignUpTests" time="0.595"/>
  <testcase name="negativeSignUpWithCharactersInsteadOfEmail" classname="tests.SignUpTests" time="3.875"/>
  <testcase name="negativeSignUpWithEmptyFirstName" classname="tests.SignUpTests" time="3.837"/>
  <testcase name="negativeSignUpWithEmptyLastName" classname="tests.SignUpTests" time="3.758"/>
  <testcase name="negativeSignUpWithWrongEmail" classname="tests.SignUpTests" time="0.506"/>
  <testcase name="positiveSignUpWithFaker" classname="tests.SignUpTests" time="3.73"/>
  <testcase name="positiveSignUpWithMockData[Emalia, MacGuffog, e3mac1422guff11@tinypic.com, wuTtnNaFCG](1)" classname="tests.SignUpTests" time="3.703"/>
</testsuite>